#
#
#
#
#
#    Don't try viewing this report without a plog-converter utility!!!
#
#    plog-converter -a GA:1,2 -t tasklist -o report.tasks /path/to/this/file.log
#
#    A link to the documentation: https://pvs-studio.com/en/docs/manual/0036/
#
#
#
#
#
d99cf3ba-6fcd-43f9-9260-1179fa3a9bed
dR'8_uR%RrV*xRER'haa@->uR%Rcccch>2->s;\1\<KQ$6<^nRER']uR%*GER U2=u$2UaPR% U2=uER2uvu2R%*ERPu==UjuR%R{8>=-_uac->=ku'o->jcoLucNh>2->sNc h>'o-8>c'U22}cFu ->->jcU>cU9=82houckUoLco8coLuc -2uc8ac_-au'o8afc-=c'8>=-_uau_cUck88ac=of2u}RER>u/o@->uR%Rcccc- c;;Ps - 8;\1\<KQ$6<EcSGGG^^cmmcwx^cdRERk8=-o-8>=R%!dR -2uR%R(L8Pu('8>aU_8L-22Ua(F8'hPu>o=(1,O$(.?(,\xw.?(=a'(Ukk}'RER2->u=R%!*X"B"B
dR'8_uR%RrV*xRER'haa@->uR%Rcccch>2->s;\1\<KQ$6<^nRER']uR%*GER U2=u$2UaPR% U2=uER2uvu2R%*ERPu==UjuR%R{8>=-_uac->=ku'o->jcoLucNh>2->sNc h>'o-8>c'U22}cFu ->->jcU>cU9=82houckUoLco8coLuc -2uc8ac_-au'o8afc-=c'8>=-_uau_cUck88ac=of2u}RER>u/o@->uR%Rccccu/-o;S^nRERk8=-o-8>=R%!dR -2uR%R(L8Pu('8>aU_8L-22Ua(F8'hPu>o=(1,O$(.?(,\xw.?(=a'(Ukk}'RER2->u=R%!x*S"B"ERkauv@->uR%RccccRB
dR'8_uR%RrV*xRER'haa@->uR%Rcccc->ock-kuK _cmc8ku>;\1\<KQ$6<Ec?K4C?Q@e^nRER']uR%*GER U2=u$2UaPR% U2=uER2uvu2R%*ERPu==UjuR%R{8>=-_uac->=ku'o->jcoLucN8ku>Nc h>'o-8>c'U22}cFu ->->jcU>cU9=82houckUoLco8coLuc -2uc8ac_-au'o8afc-=c'8>=-_uau_cUck88ac=of2u}RERk8=-o-8>=R%!dR -2uR%R(L8Pu('8>aU_8L-22Ua(F8'hPu>o=(1,O$(.?(,\xw.?(=a'(=2Uvu}'RER2->u=R%!xS"B"B
dR'8_uR%RrxSi[RER'haa@->uR%Rcccccccccccc'28=u;k-kuK _^nRER']uR%GG[ER U2=u$2UaPR% U2=uER2uvu2R%*ERPu==UjuR%Rg=Ujuc8 ck8ou>o-U22fc->vU2-_cLU>_2u}c,LucvU2huc=L8h2_c9uc>8>w>ujUo-vu}c{Lu'scoLucNk-kuK _NcUajhPu>o}RER>u/o@->uR%Rccccccccccccu/-o;<M1,KT$1@gC<^nRERk8=-o-8>=R%!dR -2uR%R(L8Pu('8>aU_8L-22Ua(F8'hPu>o=(1,O$(.?(,\xw.?(=a'(=2Uvu}'RER2->u=R%!JS"B"ERkauv@->uR%Rcccccccccccckuaa8a;)RuPkofckUoL)R^nRB
dR'8_uR%RrxSi[RER'haa@->uR%Rcccccccccccc'28=u;k-kuK _^nRER']uR%GG[ER U2=u$2UaPR% U2=uER2uvu2R%*ERPu==UjuR%Rg=Ujuc8 ck8ou>o-U22fc->vU2-_cLU>_2u}c,LucvU2huc=L8h2_c9uc>8>w>ujUo-vu}c{Lu'scoLucNk-kuK _NcUajhPu>o}RER>u/o@->uR%Rccccccccccccu/-o;<M1,KT$1@gC<^nRERk8=-o-8>=R%!dR -2uR%R(L8Pu('8>aU_8L-22Ua(F8'hPu>o=(1,O$(.?(,\xw.?(=a'(=2Uvu}'RER2->u=R%!*b"B"ERkauv@->uR%Rcccccccccccckuaa8a;)R<aa8acU2c'auUacu2ck-ku)R^nRB
dR'8_uR%RrxSi[RER'haa@->uR%Rcccccccccccc'28=u;k-kuK _^nRER']uR%GG[ER U2=u$2UaPR% U2=uER2uvu2R%*ERPu==UjuR%Rg=Ujuc8 ck8ou>o-U22fc->vU2-_cLU>_2u}c,LucvU2huc=L8h2_c9uc>8>w>ujUo-vu}c{Lu'scoLucNk-kuK _NcUajhPu>o}RER>u/o@->uR%Rccccccccccccu/-o;<M1,KT$1@gC<^nRERk8=-o-8>=R%!dR -2uR%R(L8Pu('8>aU_8L-22Ua(F8'hPu>o=(1,O$(.?(,\xw.?(=a'(=2Uvu}'RER2->u=R%!bx"B"ERkauv@->uR%Rcccccccccccckuaa8a;)R<aa8acU2c'auUacu2cka8'u=8cL-58)R^nRB
dR'8_uR%RrxSi[RER'haa@->uR%Rcccccccccccccccccccc'28=u;k-kuK _^nRER']uR%GG[ER U2=u$2UaPR% U2=uER2uvu2R%*ERPu==UjuR%Rg=Ujuc8 ck8ou>o-U22fc->vU2-_cLU>_2u}c,LucvU2huc=L8h2_c9uc>8>w>ujUo-vu}c{Lu'scoLucNk-kuK _NcUajhPu>o}RER>u/o@->uR%Rccccccccccccccccccccu/-o;<M1,KT$1@gC<^nRERk8=-o-8>=R%!dR -2uR%R(L8Pu('8>aU_8L-22Ua(F8'hPu>o=(1,O$(.?(,\xw.?(=a'(=2Uvu}'RER2->u=R%!Gi"B"ERkauv@->uR%Rcccccccccccccccccccckuaa8a;)R4a-ouco8c>UPu_ck-kuc U-2u_)R^nRB
dR'8_uR%RrxSi[RER'haa@->uR%Rcccc'28=u;k-kuK _^nRER']uR%GG[ER U2=u$2UaPR% U2=uER2uvu2R%*ERPu==UjuR%Rg=Ujuc8 ck8ou>o-U22fc->vU2-_cLU>_2u}c,LucvU2huc=L8h2_c9uc>8>w>ujUo-vu}c{Lu'scoLucNk-kuK _NcUajhPu>o}RER>u/o@->uR%Rccccu/-o;<M1,K.g{{<..^nRERk8=-o-8>=R%!dR -2uR%R(L8Pu('8>aU_8L-22Ua(F8'hPu>o=(1,O$(.?(,\xw.?(=a'(=2Uvu}'RER2->u=R%!iJ"B"ERkauv@->uR%RccccRB
dR'8_uR%Rr[[GRER'haa@->uR%Rcccccccco8Kka->o!'8h>o"cmcN))SNnRER']uR%GXGER U2=u$2UaPR% U2=uER2uvu2R%JERPu==UjuR%R$aaUfc8vuaah>c-=ck8==-92u}c,LucvU2huc8 cN'8h>oNc->_u/c'8h2_cauU'LcxG*}RER>u/o@->uR%Rccccccccka->o ;)RY=))>)REco8Kka->o^ncccccccRERk8=-o-8>=R%!dR -2uR%R(L8Pu('8>aU_8L-22Ua(F8'hPu>o=(1,O$(.?(,\xw.?(=a'(v-u]J}'RER2->u=R%!xV"B"ERkauv@->uR%Rccccc]L-2u;;'8h>ocmcauU_;k-kuK _EcZo8Kka->oEc=-:u8 ;o8Kka->o^^^c3cS^dRER=U=o1_R%R{<C,w$CC*Sw{RB
dR'8_uR%RrV*xRER'haa@->uR%Rcccc->ock-kuK _cmc8ku>;\1\<KQ$6<Ec?KCF?Q@e^nRER']uR%*GER U2=u$2UaPR% U2=uER2uvu2R%*ERPu==UjuR%R{8>=-_uac->=ku'o->jcoLucN8ku>Nc h>'o-8>c'U22}cFu ->->jcU>cU9=82houckUoLco8coLuc -2uc8ac_-au'o8afc-=c'8>=-_uau_cUck88ac=of2u}RER>u/o@->uR%RccccRERk8=-o-8>=R%!dR -2uR%R(L8Pu('8>aU_8L-22Ua(F8'hPu>o=(1,O$(.?(,\xw.?(=a'(v-u]J}'RER2->u=R%!i"B"ERkauv@->uR%R->ocPU->;^cdRB
dR'8_uR%RrxSi[RER'haa@->uR%Rccccc]L-2u;;'8h>ocmcauU_;k-kuK _EcZo8Kka->oEc=-:u8 ;o8Kka->o^^^c3cS^dRER']uR%GG[ER U2=u$2UaPR% U2=uER2uvu2R%*ERPu==UjuR%Rg=Ujuc8 ck8ou>o-U22fc->vU2-_cLU>_2u}c,LucvU2huc=L8h2_c9uc>8>w>ujUo-vu}c{Lu'scoLucNk-kuK _NcUajhPu>o}RER>u/o@->uR%Rcccccccco8Kka->o!'8h>o"cmcN))SNnRERk8=-o-8>=R%!dR -2uR%R(L8Pu('8>aU_8L-22Ua(F8'hPu>o=(1,O$(.?(,\xw.?(=a'(v-u]J}'RER2->u=R%!x["B"B
